[0.010s] Invoking command in '/root/ros2_ws/src/landcore_ros2/build/landdrive': CMAKE_PREFIX_PATH=${CMAKE_PREFIX_PATH}:/opt/ros/jazzy /usr/bin/cmake /root/ros2_ws/src/landcore_ros2/landdrive -DCMAKE_INSTALL_PREFIX=/root/ros2_ws/src/landcore_ros2/install/landdrive
[0.080s] -- The C compiler identification is GNU 13.3.0
[0.145s] -- The CXX compiler identification is GNU 13.3.0
[0.162s] -- Detecting C compiler ABI info
[0.233s] -- Detecting C compiler ABI info - done
[0.255s] -- Check for working C compiler: /usr/bin/cc - skipped
[0.257s] -- Detecting C compile features
[0.257s] -- Detecting C compile features - done
[0.265s] -- Detecting CXX compiler ABI info
[0.362s] -- Detecting CXX compiler ABI info - done
[0.370s] -- Check for working CXX compiler: /usr/bin/c++ - skipped
[0.370s] -- Detecting CXX compile features
[0.370s] -- Detecting CXX compile features - done
[0.374s] -- Found ament_cmake: 2.5.5 (/opt/ros/jazzy/share/ament_cmake/cmake)
[0.471s] -- Found Python3: /usr/bin/python3 (found version "3.12.3") found components: Interpreter 
[0.575s] -- Found rclcpp: 28.1.16 (/opt/ros/jazzy/share/rclcpp/cmake)
[0.610s] -- Found rosidl_generator_c: 4.6.7 (/opt/ros/jazzy/share/rosidl_generator_c/cmake)
[0.623s] -- Found rosidl_generator_cpp: 4.6.7 (/opt/ros/jazzy/share/rosidl_generator_cpp/cmake)
[0.642s] -- Using all available rosidl_typesupport_c: rosidl_typesupport_fastrtps_c;rosidl_typesupport_introspection_c
[0.659s] -- Using all available rosidl_typesupport_cpp: rosidl_typesupport_fastrtps_cpp;rosidl_typesupport_introspection_cpp
[0.710s] -- Found rmw_implementation_cmake: 7.3.3 (/opt/ros/jazzy/share/rmw_implementation_cmake/cmake)
[0.712s] -- Found rmw_fastrtps_cpp: 8.4.3 (/opt/ros/jazzy/share/rmw_fastrtps_cpp/cmake)
[0.776s] -- Found OpenSSL: /usr/lib/x86_64-linux-gnu/libcrypto.so (found version "3.0.13")  
[0.790s] -- Found FastRTPS: /opt/ros/jazzy/include (Required is at least version "2.13") 
[0.812s] -- Using RMW implementation 'rmw_fastrtps_cpp' as default
[0.868s] -- Found std_msgs: 5.3.6 (/opt/ros/jazzy/share/std_msgs/cmake)
[0.880s] -- Found ament_lint_auto: 0.17.4 (/opt/ros/jazzy/share/ament_lint_auto/cmake)
[0.972s] -- Added test 'cppcheck' to perform static code analysis on C / C++ code
[0.972s] -- Configured cppcheck include dirs: 
[0.972s] -- Configured cppcheck exclude dirs and/or files: 
[0.972s] -- Added test 'lint_cmake' to check CMake code style
[0.973s] -- Added test 'uncrustify' to check C / C++ code style
[0.973s] -- Configured uncrustify additional arguments: 
[0.973s] -- Added test 'xmllint' to check XML markup files
[0.974s] -- Configuring done (1.0s)
[0.980s] -- Generating done (0.0s)
[0.983s] -- Build files have been written to: /root/ros2_ws/src/landcore_ros2/build/landdrive
[0.988s] Invoked command in '/root/ros2_ws/src/landcore_ros2/build/landdrive' returned '0': CMAKE_PREFIX_PATH=${CMAKE_PREFIX_PATH}:/opt/ros/jazzy /usr/bin/cmake /root/ros2_ws/src/landcore_ros2/landdrive -DCMAKE_INSTALL_PREFIX=/root/ros2_ws/src/landcore_ros2/install/landdrive
[0.989s] Invoking command in '/root/ros2_ws/src/landcore_ros2/build/landdrive': CMAKE_PREFIX_PATH=${CMAKE_PREFIX_PATH}:/opt/ros/jazzy /usr/bin/cmake --build /root/ros2_ws/src/landcore_ros2/build/landdrive -- -j12 -l12
[1.037s] [ 50%] [32mBuilding CXX object CMakeFiles/motordrive.dir/src/publisher_motor_action.cpp.o[0m
[5.080s] [100%] [32m[1mLinking CXX executable motordrive[0m
[5.244s] [100%] Built target motordrive
[5.257s] Invoked command in '/root/ros2_ws/src/landcore_ros2/build/landdrive' returned '0': CMAKE_PREFIX_PATH=${CMAKE_PREFIX_PATH}:/opt/ros/jazzy /usr/bin/cmake --build /root/ros2_ws/src/landcore_ros2/build/landdrive -- -j12 -l12
[5.268s] Invoking command in '/root/ros2_ws/src/landcore_ros2/build/landdrive': CMAKE_PREFIX_PATH=${CMAKE_PREFIX_PATH}:/opt/ros/jazzy /usr/bin/cmake --install /root/ros2_ws/src/landcore_ros2/build/landdrive
[5.275s] -- Install configuration: ""
[5.275s] -- Installing: /root/ros2_ws/src/landcore_ros2/install/landdrive/lib/landdrive/motordrive
[5.276s] -- Set non-toolchain portion of runtime path of "/root/ros2_ws/src/landcore_ros2/install/landdrive/lib/landdrive/motordrive" to ""
[5.276s] -- Installing: /root/ros2_ws/src/landcore_ros2/install/landdrive/share/ament_index/resource_index/package_run_dependencies/landdrive
[5.276s] -- Installing: /root/ros2_ws/src/landcore_ros2/install/landdrive/share/ament_index/resource_index/parent_prefix_path/landdrive
[5.276s] -- Installing: /root/ros2_ws/src/landcore_ros2/install/landdrive/share/landdrive/environment/ament_prefix_path.sh
[5.276s] -- Installing: /root/ros2_ws/src/landcore_ros2/install/landdrive/share/landdrive/environment/ament_prefix_path.dsv
[5.276s] -- Installing: /root/ros2_ws/src/landcore_ros2/install/landdrive/share/landdrive/environment/path.sh
[5.276s] -- Installing: /root/ros2_ws/src/landcore_ros2/install/landdrive/share/landdrive/environment/path.dsv
[5.276s] -- Installing: /root/ros2_ws/src/landcore_ros2/install/landdrive/share/landdrive/local_setup.bash
[5.277s] -- Installing: /root/ros2_ws/src/landcore_ros2/install/landdrive/share/landdrive/local_setup.sh
[5.277s] -- Installing: /root/ros2_ws/src/landcore_ros2/install/landdrive/share/landdrive/local_setup.zsh
[5.277s] -- Installing: /root/ros2_ws/src/landcore_ros2/install/landdrive/share/landdrive/local_setup.dsv
[5.277s] -- Installing: /root/ros2_ws/src/landcore_ros2/install/landdrive/share/landdrive/package.dsv
[5.277s] -- Installing: /root/ros2_ws/src/landcore_ros2/install/landdrive/share/ament_index/resource_index/packages/landdrive
[5.277s] -- Installing: /root/ros2_ws/src/landcore_ros2/install/landdrive/share/landdrive/cmake/landdriveConfig.cmake
[5.277s] -- Installing: /root/ros2_ws/src/landcore_ros2/install/landdrive/share/landdrive/cmake/landdriveConfig-version.cmake
[5.277s] -- Installing: /root/ros2_ws/src/landcore_ros2/install/landdrive/share/landdrive/package.xml
[5.279s] Invoked command in '/root/ros2_ws/src/landcore_ros2/build/landdrive' returned '0': CMAKE_PREFIX_PATH=${CMAKE_PREFIX_PATH}:/opt/ros/jazzy /usr/bin/cmake --install /root/ros2_ws/src/landcore_ros2/build/landdrive
