-- The C compiler identification is GNU 13.3.0
-- The CXX compiler identification is GNU 13.3.0
-- Detecting C compiler ABI info
-- Detecting C compiler ABI info - done
-- Check for working C compiler: /usr/bin/cc - skipped
-- Detecting C compile features
-- Detecting C compile features - done
-- Detecting CXX compiler ABI info
-- Detecting CXX compiler ABI info - done
-- Check for working CXX compiler: /usr/bin/c++ - skipped
-- Detecting CXX compile features
-- Detecting CXX compile features - done
-- Found ament_cmake: 2.5.5 (/opt/ros/jazzy/share/ament_cmake/cmake)
-- Found Python3: /usr/bin/python3 (found version "3.12.3") found components: Interpreter 
-- Found rclcpp: 28.1.16 (/opt/ros/jazzy/share/rclcpp/cmake)
-- Found rosidl_generator_c: 4.6.7 (/opt/ros/jazzy/share/rosidl_generator_c/cmake)
-- Found rosidl_generator_cpp: 4.6.7 (/opt/ros/jazzy/share/rosidl_generator_cpp/cmake)
-- Using all available rosidl_typesupport_c: rosidl_typesupport_fastrtps_c;rosidl_typesupport_introspection_c
-- Using all available rosidl_typesupport_cpp: rosidl_typesupport_fastrtps_cpp;rosidl_typesupport_introspection_cpp
-- Found rmw_implementation_cmake: 7.3.3 (/opt/ros/jazzy/share/rmw_implementation_cmake/cmake)
-- Found rmw_fastrtps_cpp: 8.4.3 (/opt/ros/jazzy/share/rmw_fastrtps_cpp/cmake)
-- Found OpenSSL: /usr/lib/x86_64-linux-gnu/libcrypto.so (found version "3.0.13")  
-- Found FastRTPS: /opt/ros/jazzy/include (Required is at least version "2.13") 
-- Using RMW implementation 'rmw_fastrtps_cpp' as default
-- Found rosidl_default_generators: 1.6.0 (/opt/ros/jazzy/share/rosidl_default_generators/cmake)
-- Found rosidl_adapter: 4.6.7 (/opt/ros/jazzy/share/rosidl_adapter/cmake)
-- Found ament_cmake_ros: 0.12.0 (/opt/ros/jazzy/share/ament_cmake_ros/cmake)
-- Using all available rosidl_typesupport_c: rosidl_typesupport_fastrtps_c;rosidl_typesupport_introspection_c
-- Using all available rosidl_typesupport_cpp: rosidl_typesupport_fastrtps_cpp;rosidl_typesupport_introspection_cpp
-- Found python_cmake_module: 0.11.1 (/opt/ros/jazzy/share/python_cmake_module/cmake)
-- Found PythonExtra: /usr/bin/python3  
-- Found Python3: /usr/bin/python3 (found version "3.12.3") found components: Interpreter Development NumPy Development.Module Development.Embed 
-- Found ament_lint_auto: 0.17.4 (/opt/ros/jazzy/share/ament_lint_auto/cmake)
-- Added test 'cppcheck' to perform static code analysis on C / C++ code
-- Configured cppcheck include dirs: $<BUILD_INTERFACE:/root/ros2_ws/src/landcore_ros2/dc_encoder_service/include>
-- Configured cppcheck exclude dirs and/or files: 
-- Added test 'lint_cmake' to check CMake code style
-- Added test 'uncrustify' to check C / C++ code style
-- Configured uncrustify additional arguments: 
-- Added test 'xmllint' to check XML markup files
-- Configuring done (2.4s)
-- Generating done (0.0s)
-- Build files have been written to: /root/ros2_ws/src/landcore_ros2/build/dc_encoder_service
[  2%] [34m[1mGenerating type hashes for ROS interfaces[0m
[  2%] Built target ament_cmake_python_copy_dc_encoder_service
[  2%] Built target dc_encoder_service__rosidl_generator_type_description
[  5%] [34m[1mGenerating C code for ROS interfaces[0m
[  8%] [34m[1mGenerating C++ code for ROS interfaces[0m
running egg_info
creating dc_encoder_service.egg-info
writing dc_encoder_service.egg-info/PKG-INFO
writing dependency_links to dc_encoder_service.egg-info/dependency_links.txt
writing top-level names to dc_encoder_service.egg-info/top_level.txt
writing manifest file 'dc_encoder_service.egg-info/SOURCES.txt'
reading manifest file 'dc_encoder_service.egg-info/SOURCES.txt'
writing manifest file 'dc_encoder_service.egg-info/SOURCES.txt'
[  8%] Built target ament_cmake_python_build_dc_encoder_service_egg
[  8%] Built target dc_encoder_service__cpp
[ 16%] [32mBuilding C object CMakeFiles/dc_encoder_service__rosidl_generator_c.dir/rosidl_generator_c/dc_encoder_service/srv/detail/motor_pi__type_support.c.o[0m
[ 16%] [32mBuilding C object CMakeFiles/dc_encoder_service__rosidl_generator_c.dir/rosidl_generator_c/dc_encoder_service/srv/detail/motor_pi__description.c.o[0m
[ 16%] [32mBuilding C object CMakeFiles/dc_encoder_service__rosidl_generator_c.dir/rosidl_generator_c/dc_encoder_service/srv/detail/motor_pi__functions.c.o[0m
[ 18%] [32m[1mLinking C shared library libdc_encoder_service__rosidl_generator_c.so[0m
[ 18%] Built target dc_encoder_service__rosidl_generator_c
[ 21%] [34m[1mGenerating C++ type support dispatch for ROS interfaces[0m
[ 32%] [34m[1mGenerating C++ type support for eProsima Fast-RTPS[0m
[ 32%] [34m[1mGenerating C type support dispatch for ROS interfaces[0m
[ 32%] [34m[1mGenerating C type support for eProsima Fast-RTPS[0m
[ 32%] [34m[1mGenerating C introspection for ROS interfaces[0m
[ 35%] [34m[1mGenerating C++ introspection for ROS interfaces[0m
[ 37%] [32mBuilding CXX object CMakeFiles/dc_encoder_service__rosidl_typesupport_introspection_cpp.dir/rosidl_typesupport_introspection_cpp/dc_encoder_service/srv/detail/motor_pi__type_support.cpp.o[0m
[ 40%] [32mBuilding CXX object CMakeFiles/dc_encoder_service__rosidl_typesupport_fastrtps_cpp.dir/rosidl_typesupport_fastrtps_cpp/dc_encoder_service/srv/detail/dds_fastrtps/motor_pi__type_support.cpp.o[0m
[ 43%] [32mBuilding CXX object CMakeFiles/dc_encoder_service__rosidl_typesupport_cpp.dir/rosidl_typesupport_cpp/dc_encoder_service/srv/motor_pi__type_support.cpp.o[0m
[ 45%] [32mBuilding CXX object CMakeFiles/dc_encoder_service__rosidl_typesupport_c.dir/rosidl_typesupport_c/dc_encoder_service/srv/motor_pi__type_support.cpp.o[0m
[ 48%] [32mBuilding C object CMakeFiles/dc_encoder_service__rosidl_typesupport_introspection_c.dir/rosidl_typesupport_introspection_c/dc_encoder_service/srv/detail/motor_pi__type_support.c.o[0m
[ 51%] [32m[1mLinking CXX shared library libdc_encoder_service__rosidl_typesupport_c.so[0m
[ 54%] [32m[1mLinking C shared library libdc_encoder_service__rosidl_typesupport_introspection_c.so[0m
[ 56%] [32mBuilding CXX object CMakeFiles/dc_encoder_service__rosidl_typesupport_fastrtps_c.dir/rosidl_typesupport_fastrtps_c/dc_encoder_service/srv/detail/motor_pi__type_support_c.cpp.o[0m
[ 56%] Built target dc_encoder_service__rosidl_typesupport_c
[ 56%] Built target dc_encoder_service__rosidl_typesupport_introspection_c
[ 59%] [32m[1mLinking CXX shared library libdc_encoder_service__rosidl_typesupport_introspection_cpp.so[0m
[ 62%] [32m[1mLinking CXX shared library libdc_encoder_service__rosidl_typesupport_fastrtps_cpp.so[0m
[ 64%] [32m[1mLinking CXX shared library libdc_encoder_service__rosidl_typesupport_cpp.so[0m
[ 64%] Built target dc_encoder_service__rosidl_typesupport_introspection_cpp
[ 67%] [32m[1mLinking CXX shared library libdc_encoder_service__rosidl_typesupport_fastrtps_c.so[0m
[ 67%] Built target dc_encoder_service__rosidl_typesupport_fastrtps_c
[ 67%] Built target dc_encoder_service__rosidl_typesupport_fastrtps_cpp
[ 67%] Built target dc_encoder_service__rosidl_typesupport_cpp
[ 70%] [32mBuilding CXX object CMakeFiles/dc_encoder_server.dir/src/dc_encoder_node.cpp.o[0m
[ 72%] Built target dc_encoder_service
[ 72%] [32mBuilding CXX object CMakeFiles/dc_encoder_server.dir/src/timer.cpp.o[0m
[ 75%] [34m[1mGenerating Python code for ROS interfaces[0m
[ 75%] Built target dc_encoder_service__py
[ 78%] [32mBuilding C object CMakeFiles/dc_encoder_service__rosidl_generator_py.dir/rosidl_generator_py/dc_encoder_service/srv/_motor_pi_s.c.o[0m
[ 81%] [32m[1mLinking C shared library libdc_encoder_service__rosidl_generator_py.so[0m
[ 81%] Built target dc_encoder_service__rosidl_generator_py
[ 83%] [32mBuilding C object CMakeFiles/dc_encoder_service_s__rosidl_typesupport_fastrtps_c.dir/rosidl_generator_py/dc_encoder_service/_dc_encoder_service_s.ep.rosidl_typesupport_fastrtps_c.c.o[0m
[ 89%] [32mBuilding C object CMakeFiles/dc_encoder_service_s__rosidl_typesupport_introspection_c.dir/rosidl_generator_py/dc_encoder_service/_dc_encoder_service_s.ep.rosidl_typesupport_introspection_c.c.o[0m
[ 89%] [32mBuilding C object CMakeFiles/dc_encoder_service_s__rosidl_typesupport_c.dir/rosidl_generator_py/dc_encoder_service/_dc_encoder_service_s.ep.rosidl_typesupport_c.c.o[0m
[ 91%] [32m[1mLinking C shared module rosidl_generator_py/dc_encoder_service/dc_encoder_service_s__rosidl_typesupport_fastrtps_c.so[0m
[ 91%] Built target dc_encoder_service_s__rosidl_typesupport_fastrtps_c
[ 94%] [32m[1mLinking C shared module rosidl_generator_py/dc_encoder_service/dc_encoder_service_s__rosidl_typesupport_introspection_c.so[0m
[ 97%] [32m[1mLinking C shared module rosidl_generator_py/dc_encoder_service/dc_encoder_service_s__rosidl_typesupport_c.so[0m
[ 97%] Built target dc_encoder_service_s__rosidl_typesupport_introspection_c
[ 97%] Built target dc_encoder_service_s__rosidl_typesupport_c
[100%] [32m[1mLinking CXX executable dc_encoder_server[0m
[100%] Built target dc_encoder_server
-- Install configuration: ""
-- Installing: /root/ros2_ws/src/landcore_ros2/install/dc_encoder_service/share/ament_index/resource_index/rosidl_interfaces/dc_encoder_service
-- Installing: /root/ros2_ws/src/landcore_ros2/install/dc_encoder_service/share/dc_encoder_service/srv/MotorPI.json
-- Installing: /root/ros2_ws/src/landcore_ros2/install/dc_encoder_service/include/dc_encoder_service/dc_encoder_service
-- Installing: /root/ros2_ws/src/landcore_ros2/install/dc_encoder_service/include/dc_encoder_service/dc_encoder_service/msg
-- Installing: /root/ros2_ws/src/landcore_ros2/install/dc_encoder_service/include/dc_encoder_service/dc_encoder_service/msg/rosidl_generator_c__visibility_control.h
-- Installing: /root/ros2_ws/src/landcore_ros2/install/dc_encoder_service/include/dc_encoder_service/dc_encoder_service/srv
-- Installing: /root/ros2_ws/src/landcore_ros2/install/dc_encoder_service/include/dc_encoder_service/dc_encoder_service/srv/detail
-- Installing: /root/ros2_ws/src/landcore_ros2/install/dc_encoder_service/include/dc_encoder_service/dc_encoder_service/srv/detail/motor_pi__functions.h
-- Installing: /root/ros2_ws/src/landcore_ros2/install/dc_encoder_service/include/dc_encoder_service/dc_encoder_service/srv/detail/motor_pi__struct.h
-- Installing: /root/ros2_ws/src/landcore_ros2/install/dc_encoder_service/include/dc_encoder_service/dc_encoder_service/srv/detail/motor_pi__type_support.c
-- Installing: /root/ros2_ws/src/landcore_ros2/install/dc_encoder_service/include/dc_encoder_service/dc_encoder_service/srv/detail/motor_pi__type_support.h
-- Installing: /root/ros2_ws/src/landcore_ros2/install/dc_encoder_service/include/dc_encoder_service/dc_encoder_service/srv/detail/motor_pi__description.c
-- Installing: /root/ros2_ws/src/landcore_ros2/install/dc_encoder_service/include/dc_encoder_service/dc_encoder_service/srv/detail/motor_pi__functions.c
-- Installing: /root/ros2_ws/src/landcore_ros2/install/dc_encoder_service/include/dc_encoder_service/dc_encoder_service/srv/motor_pi.h
-- Installing: /root/ros2_ws/src/landcore_ros2/install/dc_encoder_service/share/dc_encoder_service/environment/library_path.sh
-- Installing: /root/ros2_ws/src/landcore_ros2/install/dc_encoder_service/share/dc_encoder_service/environment/library_path.dsv
-- Installing: /root/ros2_ws/src/landcore_ros2/install/dc_encoder_service/lib/libdc_encoder_service__rosidl_generator_c.so
-- Set non-toolchain portion of runtime path of "/root/ros2_ws/src/landcore_ros2/install/dc_encoder_service/lib/libdc_encoder_service__rosidl_generator_c.so" to ""
-- Up-to-date: /root/ros2_ws/src/landcore_ros2/install/dc_encoder_service/include/dc_encoder_service/dc_encoder_service
-- Up-to-date: /root/ros2_ws/src/landcore_ros2/install/dc_encoder_service/include/dc_encoder_service/dc_encoder_service/msg
-- Installing: /root/ros2_ws/src/landcore_ros2/install/dc_encoder_service/include/dc_encoder_service/dc_encoder_service/msg/rosidl_typesupport_fastrtps_c__visibility_control.h
-- Up-to-date: /root/ros2_ws/src/landcore_ros2/install/dc_encoder_service/include/dc_encoder_service/dc_encoder_service/srv
-- Up-to-date: /root/ros2_ws/src/landcore_ros2/install/dc_encoder_service/include/dc_encoder_service/dc_encoder_service/srv/detail
-- Installing: /root/ros2_ws/src/landcore_ros2/install/dc_encoder_service/include/dc_encoder_service/dc_encoder_service/srv/detail/motor_pi__rosidl_typesupport_fastrtps_c.h
-- Installing: /root/ros2_ws/src/landcore_ros2/install/dc_encoder_service/lib/libdc_encoder_service__rosidl_typesupport_fastrtps_c.so
-- Set non-toolchain portion of runtime path of "/root/ros2_ws/src/landcore_ros2/install/dc_encoder_service/lib/libdc_encoder_service__rosidl_typesupport_fastrtps_c.so" to ""
-- Up-to-date: /root/ros2_ws/src/landcore_ros2/install/dc_encoder_service/include/dc_encoder_service/dc_encoder_service
-- Up-to-date: /root/ros2_ws/src/landcore_ros2/install/dc_encoder_service/include/dc_encoder_service/dc_encoder_service/msg
-- Installing: /root/ros2_ws/src/landcore_ros2/install/dc_encoder_service/include/dc_encoder_service/dc_encoder_service/msg/rosidl_generator_cpp__visibility_control.hpp
-- Up-to-date: /root/ros2_ws/src/landcore_ros2/install/dc_encoder_service/include/dc_encoder_service/dc_encoder_service/srv
-- Up-to-date: /root/ros2_ws/src/landcore_ros2/install/dc_encoder_service/include/dc_encoder_service/dc_encoder_service/srv/detail
-- Installing: /root/ros2_ws/src/landcore_ros2/install/dc_encoder_service/include/dc_encoder_service/dc_encoder_service/srv/detail/motor_pi__traits.hpp
-- Installing: /root/ros2_ws/src/landcore_ros2/install/dc_encoder_service/include/dc_encoder_service/dc_encoder_service/srv/detail/motor_pi__builder.hpp
-- Installing: /root/ros2_ws/src/landcore_ros2/install/dc_encoder_service/include/dc_encoder_service/dc_encoder_service/srv/detail/motor_pi__type_support.hpp
-- Installing: /root/ros2_ws/src/landcore_ros2/install/dc_encoder_service/include/dc_encoder_service/dc_encoder_service/srv/detail/motor_pi__struct.hpp
-- Installing: /root/ros2_ws/src/landcore_ros2/install/dc_encoder_service/include/dc_encoder_service/dc_encoder_service/srv/motor_pi.hpp
-- Up-to-date: /root/ros2_ws/src/landcore_ros2/install/dc_encoder_service/include/dc_encoder_service/dc_encoder_service
-- Up-to-date: /root/ros2_ws/src/landcore_ros2/install/dc_encoder_service/include/dc_encoder_service/dc_encoder_service/msg
-- Installing: /root/ros2_ws/src/landcore_ros2/install/dc_encoder_service/include/dc_encoder_service/dc_encoder_service/msg/rosidl_typesupport_fastrtps_cpp__visibility_control.h
-- Up-to-date: /root/ros2_ws/src/landcore_ros2/install/dc_encoder_service/include/dc_encoder_service/dc_encoder_service/srv
-- Up-to-date: /root/ros2_ws/src/landcore_ros2/install/dc_encoder_service/include/dc_encoder_service/dc_encoder_service/srv/detail
-- Installing: /root/ros2_ws/src/landcore_ros2/install/dc_encoder_service/include/dc_encoder_service/dc_encoder_service/srv/detail/motor_pi__rosidl_typesupport_fastrtps_cpp.hpp
-- Installing: /root/ros2_ws/src/landcore_ros2/install/dc_encoder_service/include/dc_encoder_service/dc_encoder_service/srv/detail/dds_fastrtps
-- Installing: /root/ros2_ws/src/landcore_ros2/install/dc_encoder_service/lib/libdc_encoder_service__rosidl_typesupport_fastrtps_cpp.so
-- Set non-toolchain portion of runtime path of "/root/ros2_ws/src/landcore_ros2/install/dc_encoder_service/lib/libdc_encoder_service__rosidl_typesupport_fastrtps_cpp.so" to ""
-- Up-to-date: /root/ros2_ws/src/landcore_ros2/install/dc_encoder_service/include/dc_encoder_service/dc_encoder_service
-- Up-to-date: /root/ros2_ws/src/landcore_ros2/install/dc_encoder_service/include/dc_encoder_service/dc_encoder_service/msg
-- Installing: /root/ros2_ws/src/landcore_ros2/install/dc_encoder_service/include/dc_encoder_service/dc_encoder_service/msg/rosidl_typesupport_introspection_c__visibility_control.h
-- Up-to-date: /root/ros2_ws/src/landcore_ros2/install/dc_encoder_service/include/dc_encoder_service/dc_encoder_service/srv
-- Up-to-date: /root/ros2_ws/src/landcore_ros2/install/dc_encoder_service/include/dc_encoder_service/dc_encoder_service/srv/detail
-- Up-to-date: /root/ros2_ws/src/landcore_ros2/install/dc_encoder_service/include/dc_encoder_service/dc_encoder_service/srv/detail/motor_pi__type_support.c
-- Installing: /root/ros2_ws/src/landcore_ros2/install/dc_encoder_service/include/dc_encoder_service/dc_encoder_service/srv/detail/motor_pi__rosidl_typesupport_introspection_c.h
-- Installing: /root/ros2_ws/src/landcore_ros2/install/dc_encoder_service/lib/libdc_encoder_service__rosidl_typesupport_introspection_c.so
-- Set non-toolchain portion of runtime path of "/root/ros2_ws/src/landcore_ros2/install/dc_encoder_service/lib/libdc_encoder_service__rosidl_typesupport_introspection_c.so" to ""
-- Installing: /root/ros2_ws/src/landcore_ros2/install/dc_encoder_service/lib/libdc_encoder_service__rosidl_typesupport_c.so
-- Set non-toolchain portion of runtime path of "/root/ros2_ws/src/landcore_ros2/install/dc_encoder_service/lib/libdc_encoder_service__rosidl_typesupport_c.so" to ""
-- Up-to-date: /root/ros2_ws/src/landcore_ros2/install/dc_encoder_service/include/dc_encoder_service/dc_encoder_service
-- Up-to-date: /root/ros2_ws/src/landcore_ros2/install/dc_encoder_service/include/dc_encoder_service/dc_encoder_service/srv
-- Up-to-date: /root/ros2_ws/src/landcore_ros2/install/dc_encoder_service/include/dc_encoder_service/dc_encoder_service/srv/detail
-- Installing: /root/ros2_ws/src/landcore_ros2/install/dc_encoder_service/include/dc_encoder_service/dc_encoder_service/srv/detail/motor_pi__rosidl_typesupport_introspection_cpp.hpp
-- Installing: /root/ros2_ws/src/landcore_ros2/install/dc_encoder_service/include/dc_encoder_service/dc_encoder_service/srv/detail/motor_pi__type_support.cpp
-- Installing: /root/ros2_ws/src/landcore_ros2/install/dc_encoder_service/lib/libdc_encoder_service__rosidl_typesupport_introspection_cpp.so
-- Set non-toolchain portion of runtime path of "/root/ros2_ws/src/landcore_ros2/install/dc_encoder_service/lib/libdc_encoder_service__rosidl_typesupport_introspection_cpp.so" to ""
-- Installing: /root/ros2_ws/src/landcore_ros2/install/dc_encoder_service/lib/libdc_encoder_service__rosidl_typesupport_cpp.so
-- Set non-toolchain portion of runtime path of "/root/ros2_ws/src/landcore_ros2/install/dc_encoder_service/lib/libdc_encoder_service__rosidl_typesupport_cpp.so" to ""
-- Installing: /root/ros2_ws/src/landcore_ros2/install/dc_encoder_service/share/dc_encoder_service/environment/pythonpath.sh
-- Installing: /root/ros2_ws/src/landcore_ros2/install/dc_encoder_service/share/dc_encoder_service/environment/pythonpath.dsv
-- Installing: /root/ros2_ws/src/landcore_ros2/install/dc_encoder_service/lib/python3.12/site-packages/dc_encoder_service-0.0.0-py3.12.egg-info
-- Installing: /root/ros2_ws/src/landcore_ros2/install/dc_encoder_service/lib/python3.12/site-packages/dc_encoder_service-0.0.0-py3.12.egg-info/PKG-INFO
-- Installing: /root/ros2_ws/src/landcore_ros2/install/dc_encoder_service/lib/python3.12/site-packages/dc_encoder_service-0.0.0-py3.12.egg-info/dependency_links.txt
-- Installing: /root/ros2_ws/src/landcore_ros2/install/dc_encoder_service/lib/python3.12/site-packages/dc_encoder_service-0.0.0-py3.12.egg-info/top_level.txt
-- Installing: /root/ros2_ws/src/landcore_ros2/install/dc_encoder_service/lib/python3.12/site-packages/dc_encoder_service-0.0.0-py3.12.egg-info/SOURCES.txt
-- Installing: /root/ros2_ws/src/landcore_ros2/install/dc_encoder_service/lib/python3.12/site-packages/dc_encoder_service
-- Installing: /root/ros2_ws/src/landcore_ros2/install/dc_encoder_service/lib/python3.12/site-packages/dc_encoder_service/_dc_encoder_service_s.ep.rosidl_typesupport_introspection_c.c
-- Installing: /root/ros2_ws/src/landcore_ros2/install/dc_encoder_service/lib/python3.12/site-packages/dc_encoder_service/dc_encoder_service_s__rosidl_typesupport_c.so
-- Installing: /root/ros2_ws/src/landcore_ros2/install/dc_encoder_service/lib/python3.12/site-packages/dc_encoder_service/_dc_encoder_service_s.ep.rosidl_typesupport_fastrtps_c.c
-- Installing: /root/ros2_ws/src/landcore_ros2/install/dc_encoder_service/lib/python3.12/site-packages/dc_encoder_service/dc_encoder_service_s__rosidl_typesupport_introspection_c.so
-- Installing: /root/ros2_ws/src/landcore_ros2/install/dc_encoder_service/lib/python3.12/site-packages/dc_encoder_service/dc_encoder_service_s__rosidl_typesupport_fastrtps_c.so
-- Installing: /root/ros2_ws/src/landcore_ros2/install/dc_encoder_service/lib/python3.12/site-packages/dc_encoder_service/_dc_encoder_service_s.ep.rosidl_typesupport_c.c
-- Installing: /root/ros2_ws/src/landcore_ros2/install/dc_encoder_service/lib/python3.12/site-packages/dc_encoder_service/__init__.py
-- Installing: /root/ros2_ws/src/landcore_ros2/install/dc_encoder_service/lib/python3.12/site-packages/dc_encoder_service/srv
-- Installing: /root/ros2_ws/src/landcore_ros2/install/dc_encoder_service/lib/python3.12/site-packages/dc_encoder_service/srv/_motor_pi_s.c
-- Installing: /root/ros2_ws/src/landcore_ros2/install/dc_encoder_service/lib/python3.12/site-packages/dc_encoder_service/srv/__init__.py
-- Installing: /root/ros2_ws/src/landcore_ros2/install/dc_encoder_service/lib/python3.12/site-packages/dc_encoder_service/srv/_motor_pi.py
Listing '/root/ros2_ws/src/landcore_ros2/install/dc_encoder_service/lib/python3.12/site-packages/dc_encoder_service'...
Compiling '/root/ros2_ws/src/landcore_ros2/install/dc_encoder_service/lib/python3.12/site-packages/dc_encoder_service/__init__.py'...
Listing '/root/ros2_ws/src/landcore_ros2/install/dc_encoder_service/lib/python3.12/site-packages/dc_encoder_service/srv'...
Compiling '/root/ros2_ws/src/landcore_ros2/install/dc_encoder_service/lib/python3.12/site-packages/dc_encoder_service/srv/__init__.py'...
Compiling '/root/ros2_ws/src/landcore_ros2/install/dc_encoder_service/lib/python3.12/site-packages/dc_encoder_service/srv/_motor_pi.py'...
-- Installing: /root/ros2_ws/src/landcore_ros2/install/dc_encoder_service/lib/python3.12/site-packages/dc_encoder_service/dc_encoder_service_s__rosidl_typesupport_fastrtps_c.so
-- Set non-toolchain portion of runtime path of "/root/ros2_ws/src/landcore_ros2/install/dc_encoder_service/lib/python3.12/site-packages/dc_encoder_service/dc_encoder_service_s__rosidl_typesupport_fastrtps_c.so" to ""
-- Installing: /root/ros2_ws/src/landcore_ros2/install/dc_encoder_service/lib/python3.12/site-packages/dc_encoder_service/dc_encoder_service_s__rosidl_typesupport_introspection_c.so
-- Set non-toolchain portion of runtime path of "/root/ros2_ws/src/landcore_ros2/install/dc_encoder_service/lib/python3.12/site-packages/dc_encoder_service/dc_encoder_service_s__rosidl_typesupport_introspection_c.so" to ""
-- Installing: /root/ros2_ws/src/landcore_ros2/install/dc_encoder_service/lib/python3.12/site-packages/dc_encoder_service/dc_encoder_service_s__rosidl_typesupport_c.so
-- Set non-toolchain portion of runtime path of "/root/ros2_ws/src/landcore_ros2/install/dc_encoder_service/lib/python3.12/site-packages/dc_encoder_service/dc_encoder_service_s__rosidl_typesupport_c.so" to ""
-- Installing: /root/ros2_ws/src/landcore_ros2/install/dc_encoder_service/lib/libdc_encoder_service__rosidl_generator_py.so
-- Set non-toolchain portion of runtime path of "/root/ros2_ws/src/landcore_ros2/install/dc_encoder_service/lib/libdc_encoder_service__rosidl_generator_py.so" to ""
-- Installing: /root/ros2_ws/src/landcore_ros2/install/dc_encoder_service/share/dc_encoder_service/srv/MotorPI.idl
-- Installing: /root/ros2_ws/src/landcore_ros2/install/dc_encoder_service/share/dc_encoder_service/srv/MotorPI.srv
-- Installing: /root/ros2_ws/src/landcore_ros2/install/dc_encoder_service/lib/dc_encoder_service/dc_encoder_server
-- Set non-toolchain portion of runtime path of "/root/ros2_ws/src/landcore_ros2/install/dc_encoder_service/lib/dc_encoder_service/dc_encoder_server" to ""
-- Installing: /root/ros2_ws/src/landcore_ros2/install/dc_encoder_service/share/ament_index/resource_index/package_run_dependencies/dc_encoder_service
-- Installing: /root/ros2_ws/src/landcore_ros2/install/dc_encoder_service/share/ament_index/resource_index/parent_prefix_path/dc_encoder_service
-- Installing: /root/ros2_ws/src/landcore_ros2/install/dc_encoder_service/share/dc_encoder_service/environment/ament_prefix_path.sh
-- Installing: /root/ros2_ws/src/landcore_ros2/install/dc_encoder_service/share/dc_encoder_service/environment/ament_prefix_path.dsv
-- Installing: /root/ros2_ws/src/landcore_ros2/install/dc_encoder_service/share/dc_encoder_service/environment/path.sh
-- Installing: /root/ros2_ws/src/landcore_ros2/install/dc_encoder_service/share/dc_encoder_service/environment/path.dsv
-- Installing: /root/ros2_ws/src/landcore_ros2/install/dc_encoder_service/share/dc_encoder_service/local_setup.bash
-- Installing: /root/ros2_ws/src/landcore_ros2/install/dc_encoder_service/share/dc_encoder_service/local_setup.sh
-- Installing: /root/ros2_ws/src/landcore_ros2/install/dc_encoder_service/share/dc_encoder_service/local_setup.zsh
-- Installing: /root/ros2_ws/src/landcore_ros2/install/dc_encoder_service/share/dc_encoder_service/local_setup.dsv
-- Installing: /root/ros2_ws/src/landcore_ros2/install/dc_encoder_service/share/dc_encoder_service/package.dsv
-- Installing: /root/ros2_ws/src/landcore_ros2/install/dc_encoder_service/share/ament_index/resource_index/packages/dc_encoder_service
-- Installing: /root/ros2_ws/src/landcore_ros2/install/dc_encoder_service/share/dc_encoder_service/cmake/export_dc_encoder_service__rosidl_generator_cExport.cmake
-- Installing: /root/ros2_ws/src/landcore_ros2/install/dc_encoder_service/share/dc_encoder_service/cmake/export_dc_encoder_service__rosidl_generator_cExport-noconfig.cmake
-- Installing: /root/ros2_ws/src/landcore_ros2/install/dc_encoder_service/share/dc_encoder_service/cmake/export_dc_encoder_service__rosidl_typesupport_fastrtps_cExport.cmake
-- Installing: /root/ros2_ws/src/landcore_ros2/install/dc_encoder_service/share/dc_encoder_service/cmake/export_dc_encoder_service__rosidl_typesupport_fastrtps_cExport-noconfig.cmake
-- Installing: /root/ros2_ws/src/landcore_ros2/install/dc_encoder_service/share/dc_encoder_service/cmake/export_dc_encoder_service__rosidl_generator_cppExport.cmake
-- Installing: /root/ros2_ws/src/landcore_ros2/install/dc_encoder_service/share/dc_encoder_service/cmake/export_dc_encoder_service__rosidl_typesupport_fastrtps_cppExport.cmake
-- Installing: /root/ros2_ws/src/landcore_ros2/install/dc_encoder_service/share/dc_encoder_service/cmake/export_dc_encoder_service__rosidl_typesupport_fastrtps_cppExport-noconfig.cmake
-- Installing: /root/ros2_ws/src/landcore_ros2/install/dc_encoder_service/share/dc_encoder_service/cmake/dc_encoder_service__rosidl_typesupport_introspection_cExport.cmake
-- Installing: /root/ros2_ws/src/landcore_ros2/install/dc_encoder_service/share/dc_encoder_service/cmake/dc_encoder_service__rosidl_typesupport_introspection_cExport-noconfig.cmake
-- Installing: /root/ros2_ws/src/landcore_ros2/install/dc_encoder_service/share/dc_encoder_service/cmake/dc_encoder_service__rosidl_typesupport_cExport.cmake
-- Installing: /root/ros2_ws/src/landcore_ros2/install/dc_encoder_service/share/dc_encoder_service/cmake/dc_encoder_service__rosidl_typesupport_cExport-noconfig.cmake
-- Installing: /root/ros2_ws/src/landcore_ros2/install/dc_encoder_service/share/dc_encoder_service/cmake/dc_encoder_service__rosidl_typesupport_introspection_cppExport.cmake
-- Installing: /root/ros2_ws/src/landcore_ros2/install/dc_encoder_service/share/dc_encoder_service/cmake/dc_encoder_service__rosidl_typesupport_introspection_cppExport-noconfig.cmake
-- Installing: /root/ros2_ws/src/landcore_ros2/install/dc_encoder_service/share/dc_encoder_service/cmake/dc_encoder_service__rosidl_typesupport_cppExport.cmake
-- Installing: /root/ros2_ws/src/landcore_ros2/install/dc_encoder_service/share/dc_encoder_service/cmake/dc_encoder_service__rosidl_typesupport_cppExport-noconfig.cmake
-- Installing: /root/ros2_ws/src/landcore_ros2/install/dc_encoder_service/share/dc_encoder_service/cmake/export_dc_encoder_service__rosidl_generator_pyExport.cmake
-- Installing: /root/ros2_ws/src/landcore_ros2/install/dc_encoder_service/share/dc_encoder_service/cmake/export_dc_encoder_service__rosidl_generator_pyExport-noconfig.cmake
-- Installing: /root/ros2_ws/src/landcore_ros2/install/dc_encoder_service/share/dc_encoder_service/cmake/rosidl_cmake-extras.cmake
-- Installing: /root/ros2_ws/src/landcore_ros2/install/dc_encoder_service/share/dc_encoder_service/cmake/ament_cmake_export_dependencies-extras.cmake
-- Installing: /root/ros2_ws/src/landcore_ros2/install/dc_encoder_service/share/dc_encoder_service/cmake/ament_cmake_export_include_directories-extras.cmake
-- Installing: /root/ros2_ws/src/landcore_ros2/install/dc_encoder_service/share/dc_encoder_service/cmake/ament_cmake_export_libraries-extras.cmake
-- Installing: /root/ros2_ws/src/landcore_ros2/install/dc_encoder_service/share/dc_encoder_service/cmake/ament_cmake_export_targets-extras.cmake
-- Installing: /root/ros2_ws/src/landcore_ros2/install/dc_encoder_service/share/dc_encoder_service/cmake/rosidl_cmake_export_typesupport_targets-extras.cmake
-- Installing: /root/ros2_ws/src/landcore_ros2/install/dc_encoder_service/share/dc_encoder_service/cmake/rosidl_cmake_export_typesupport_libraries-extras.cmake
-- Installing: /root/ros2_ws/src/landcore_ros2/install/dc_encoder_service/share/dc_encoder_service/cmake/dc_encoder_serviceConfig.cmake
-- Installing: /root/ros2_ws/src/landcore_ros2/install/dc_encoder_service/share/dc_encoder_service/cmake/dc_encoder_serviceConfig-version.cmake
-- Installing: /root/ros2_ws/src/landcore_ros2/install/dc_encoder_service/share/dc_encoder_service/package.xml
