[0.010s] Invoking command in '/root/ros2_ws/src/landcore_ros2/build/dc_encoder_service': CMAKE_PREFIX_PATH=${CMAKE_PREFIX_PATH}:/opt/ros/jazzy /usr/bin/cmake /root/ros2_ws/src/landcore_ros2/dc_encoder_service -DCMAKE_INSTALL_PREFIX=/root/ros2_ws/src/landcore_ros2/install/dc_encoder_service
[0.092s] -- The C compiler identification is GNU 13.3.0
[0.158s] -- The CXX compiler identification is GNU 13.3.0
[0.172s] -- Detecting C compiler ABI info
[0.243s] -- Detecting C compiler ABI info - done
[0.264s] -- Check for working C compiler: /usr/bin/cc - skipped
[0.264s] -- Detecting C compile features
[0.264s] -- Detecting C compile features - done
[0.272s] -- Detecting CXX compiler ABI info
[0.368s] -- Detecting CXX compiler ABI info - done
[0.378s] -- Check for working CXX compiler: /usr/bin/c++ - skipped
[0.378s] -- Detecting CXX compile features
[0.379s] -- Detecting CXX compile features - done
[0.381s] -- Found ament_cmake: 2.5.5 (/opt/ros/jazzy/share/ament_cmake/cmake)
[0.485s] -- Found Python3: /usr/bin/python3 (found version "3.12.3") found components: Interpreter 
[0.574s] -- Found rclcpp: 28.1.16 (/opt/ros/jazzy/share/rclcpp/cmake)
[0.604s] -- Found rosidl_generator_c: 4.6.7 (/opt/ros/jazzy/share/rosidl_generator_c/cmake)
[0.613s] -- Found rosidl_generator_cpp: 4.6.7 (/opt/ros/jazzy/share/rosidl_generator_cpp/cmake)
[0.624s] -- Using all available rosidl_typesupport_c: rosidl_typesupport_fastrtps_c;rosidl_typesupport_introspection_c
[0.642s] -- Using all available rosidl_typesupport_cpp: rosidl_typesupport_fastrtps_cpp;rosidl_typesupport_introspection_cpp
[0.697s] -- Found rmw_implementation_cmake: 7.3.3 (/opt/ros/jazzy/share/rmw_implementation_cmake/cmake)
[0.699s] -- Found rmw_fastrtps_cpp: 8.4.3 (/opt/ros/jazzy/share/rmw_fastrtps_cpp/cmake)
[0.769s] -- Found OpenSSL: /usr/lib/x86_64-linux-gnu/libcrypto.so (found version "3.0.13")  
[0.783s] -- Found FastRTPS: /opt/ros/jazzy/include (Required is at least version "2.13") 
[0.801s] -- Using RMW implementation 'rmw_fastrtps_cpp' as default
[0.855s] -- Found rosidl_default_generators: 1.6.0 (/opt/ros/jazzy/share/rosidl_default_generators/cmake)
[0.864s] -- Found rosidl_adapter: 4.6.7 (/opt/ros/jazzy/share/rosidl_adapter/cmake)
[1.283s] -- Found ament_cmake_ros: 0.12.0 (/opt/ros/jazzy/share/ament_cmake_ros/cmake)
[1.787s] -- Using all available rosidl_typesupport_c: rosidl_typesupport_fastrtps_c;rosidl_typesupport_introspection_c
[1.982s] -- Using all available rosidl_typesupport_cpp: rosidl_typesupport_fastrtps_cpp;rosidl_typesupport_introspection_cpp
[1.984s] -- Found python_cmake_module: 0.11.1 (/opt/ros/jazzy/share/python_cmake_module/cmake)
[2.073s] -- Found PythonExtra: /usr/bin/python3  
[2.401s] -- Found Python3: /usr/bin/python3 (found version "3.12.3") found components: Interpreter Development NumPy Development.Module Development.Embed 
[2.433s] -- Found ament_lint_auto: 0.17.4 (/opt/ros/jazzy/share/ament_lint_auto/cmake)
[2.446s] -- Added test 'cppcheck' to perform static code analysis on C / C++ code
[2.446s] -- Configured cppcheck include dirs: $<BUILD_INTERFACE:/root/ros2_ws/src/landcore_ros2/dc_encoder_service/include>
[2.446s] -- Configured cppcheck exclude dirs and/or files: 
[2.447s] -- Added test 'lint_cmake' to check CMake code style
[2.447s] -- Added test 'uncrustify' to check C / C++ code style
[2.448s] -- Configured uncrustify additional arguments: 
[2.448s] -- Added test 'xmllint' to check XML markup files
[2.449s] -- Configuring done (2.4s)
[2.476s] -- Generating done (0.0s)
[2.485s] -- Build files have been written to: /root/ros2_ws/src/landcore_ros2/build/dc_encoder_service
[2.492s] Invoked command in '/root/ros2_ws/src/landcore_ros2/build/dc_encoder_service' returned '0': CMAKE_PREFIX_PATH=${CMAKE_PREFIX_PATH}:/opt/ros/jazzy /usr/bin/cmake /root/ros2_ws/src/landcore_ros2/dc_encoder_service -DCMAKE_INSTALL_PREFIX=/root/ros2_ws/src/landcore_ros2/install/dc_encoder_service
[2.493s] Invoking command in '/root/ros2_ws/src/landcore_ros2/build/dc_encoder_service': CMAKE_PREFIX_PATH=${CMAKE_PREFIX_PATH}:/opt/ros/jazzy /usr/bin/cmake --build /root/ros2_ws/src/landcore_ros2/build/dc_encoder_service -- -j12 -l12
[2.540s] [  2%] [34m[1mGenerating type hashes for ROS interfaces[0m
[2.552s] [  2%] Built target ament_cmake_python_copy_dc_encoder_service
[2.666s] [  2%] Built target dc_encoder_service__rosidl_generator_type_description
[2.675s] [  5%] [34m[1mGenerating C code for ROS interfaces[0m
[2.686s] [  8%] [34m[1mGenerating C++ code for ROS interfaces[0m
[2.692s] running egg_info
[2.693s] creating dc_encoder_service.egg-info
[2.702s] writing dc_encoder_service.egg-info/PKG-INFO
[2.702s] writing dependency_links to dc_encoder_service.egg-info/dependency_links.txt
[2.702s] writing top-level names to dc_encoder_service.egg-info/top_level.txt
[2.702s] writing manifest file 'dc_encoder_service.egg-info/SOURCES.txt'
[2.735s] reading manifest file 'dc_encoder_service.egg-info/SOURCES.txt'
[2.735s] writing manifest file 'dc_encoder_service.egg-info/SOURCES.txt'
[2.761s] [  8%] Built target ament_cmake_python_build_dc_encoder_service_egg
[2.882s] [  8%] Built target dc_encoder_service__cpp
[2.954s] [ 16%] [32mBuilding C object CMakeFiles/dc_encoder_service__rosidl_generator_c.dir/rosidl_generator_c/dc_encoder_service/srv/detail/motor_pi__type_support.c.o[0m
[2.954s] [ 16%] [32mBuilding C object CMakeFiles/dc_encoder_service__rosidl_generator_c.dir/rosidl_generator_c/dc_encoder_service/srv/detail/motor_pi__description.c.o[0m
[2.954s] [ 16%] [32mBuilding C object CMakeFiles/dc_encoder_service__rosidl_generator_c.dir/rosidl_generator_c/dc_encoder_service/srv/detail/motor_pi__functions.c.o[0m
[3.018s] [ 18%] [32m[1mLinking C shared library libdc_encoder_service__rosidl_generator_c.so[0m
[3.051s] [ 18%] Built target dc_encoder_service__rosidl_generator_c
[3.058s] [ 21%] [34m[1mGenerating C++ type support dispatch for ROS interfaces[0m
[3.062s] [ 32%] [34m[1mGenerating C++ type support for eProsima Fast-RTPS[0m
[3.062s] [ 32%] [34m[1mGenerating C type support dispatch for ROS interfaces[0m
[3.062s] [ 32%] [34m[1mGenerating C type support for eProsima Fast-RTPS[0m
[3.062s] [ 32%] [34m[1mGenerating C introspection for ROS interfaces[0m
[3.062s] [ 35%] [34m[1mGenerating C++ introspection for ROS interfaces[0m
[3.246s] [ 37%] [32mBuilding CXX object CMakeFiles/dc_encoder_service__rosidl_typesupport_introspection_cpp.dir/rosidl_typesupport_introspection_cpp/dc_encoder_service/srv/detail/motor_pi__type_support.cpp.o[0m
[3.264s] [ 40%] [32mBuilding CXX object CMakeFiles/dc_encoder_service__rosidl_typesupport_fastrtps_cpp.dir/rosidl_typesupport_fastrtps_cpp/dc_encoder_service/srv/detail/dds_fastrtps/motor_pi__type_support.cpp.o[0m
[3.307s] [ 43%] [32mBuilding CXX object CMakeFiles/dc_encoder_service__rosidl_typesupport_cpp.dir/rosidl_typesupport_cpp/dc_encoder_service/srv/motor_pi__type_support.cpp.o[0m
[3.309s] [ 45%] [32mBuilding CXX object CMakeFiles/dc_encoder_service__rosidl_typesupport_c.dir/rosidl_typesupport_c/dc_encoder_service/srv/motor_pi__type_support.cpp.o[0m
[3.349s] [ 48%] [32mBuilding C object CMakeFiles/dc_encoder_service__rosidl_typesupport_introspection_c.dir/rosidl_typesupport_introspection_c/dc_encoder_service/srv/detail/motor_pi__type_support.c.o[0m
[3.363s] [ 51%] [32m[1mLinking CXX shared library libdc_encoder_service__rosidl_typesupport_c.so[0m
[3.389s] [ 54%] [32m[1mLinking C shared library libdc_encoder_service__rosidl_typesupport_introspection_c.so[0m
[3.400s] [ 56%] [32mBuilding CXX object CMakeFiles/dc_encoder_service__rosidl_typesupport_fastrtps_c.dir/rosidl_typesupport_fastrtps_c/dc_encoder_service/srv/detail/motor_pi__type_support_c.cpp.o[0m
[3.407s] [ 56%] Built target dc_encoder_service__rosidl_typesupport_c
[3.419s] [ 56%] Built target dc_encoder_service__rosidl_typesupport_introspection_c
[3.661s] [ 59%] [32m[1mLinking CXX shared library libdc_encoder_service__rosidl_typesupport_introspection_cpp.so[0m
[3.724s] [ 62%] [32m[1mLinking CXX shared library libdc_encoder_service__rosidl_typesupport_fastrtps_cpp.so[0m
[3.736s] [ 64%] [32m[1mLinking CXX shared library libdc_encoder_service__rosidl_typesupport_cpp.so[0m
[3.745s] [ 64%] Built target dc_encoder_service__rosidl_typesupport_introspection_cpp
[3.754s] [ 67%] [32m[1mLinking CXX shared library libdc_encoder_service__rosidl_typesupport_fastrtps_c.so[0m
[3.798s] [ 67%] Built target dc_encoder_service__rosidl_typesupport_fastrtps_c
[3.799s] [ 67%] Built target dc_encoder_service__rosidl_typesupport_fastrtps_cpp
[3.816s] [ 67%] Built target dc_encoder_service__rosidl_typesupport_cpp
[3.838s] [ 70%] [32mBuilding CXX object CMakeFiles/dc_encoder_server.dir/src/dc_encoder_node.cpp.o[0m
[3.841s] [ 72%] Built target dc_encoder_service
[3.841s] [ 72%] [32mBuilding CXX object CMakeFiles/dc_encoder_server.dir/src/timer.cpp.o[0m
[3.861s] [ 75%] [34m[1mGenerating Python code for ROS interfaces[0m
[4.257s] [ 75%] Built target dc_encoder_service__py
[4.276s] [ 78%] [32mBuilding C object CMakeFiles/dc_encoder_service__rosidl_generator_py.dir/rosidl_generator_py/dc_encoder_service/srv/_motor_pi_s.c.o[0m
[4.447s] [ 81%] [32m[1mLinking C shared library libdc_encoder_service__rosidl_generator_py.so[0m
[4.484s] [ 81%] Built target dc_encoder_service__rosidl_generator_py
[4.502s] [ 83%] [32mBuilding C object CMakeFiles/dc_encoder_service_s__rosidl_typesupport_fastrtps_c.dir/rosidl_generator_py/dc_encoder_service/_dc_encoder_service_s.ep.rosidl_typesupport_fastrtps_c.c.o[0m
[4.506s] [ 89%] [32mBuilding C object CMakeFiles/dc_encoder_service_s__rosidl_typesupport_introspection_c.dir/rosidl_generator_py/dc_encoder_service/_dc_encoder_service_s.ep.rosidl_typesupport_introspection_c.c.o[0m
[4.506s] [ 89%] [32mBuilding C object CMakeFiles/dc_encoder_service_s__rosidl_typesupport_c.dir/rosidl_generator_py/dc_encoder_service/_dc_encoder_service_s.ep.rosidl_typesupport_c.c.o[0m
[4.594s] [ 91%] [32m[1mLinking C shared module rosidl_generator_py/dc_encoder_service/dc_encoder_service_s__rosidl_typesupport_fastrtps_c.so[0m
[4.617s] [ 91%] Built target dc_encoder_service_s__rosidl_typesupport_fastrtps_c
[4.626s] [ 94%] [32m[1mLinking C shared module rosidl_generator_py/dc_encoder_service/dc_encoder_service_s__rosidl_typesupport_introspection_c.so[0m
[4.638s] [ 97%] [32m[1mLinking C shared module rosidl_generator_py/dc_encoder_service/dc_encoder_service_s__rosidl_typesupport_c.so[0m
[4.671s] [ 97%] Built target dc_encoder_service_s__rosidl_typesupport_introspection_c
[4.673s] [ 97%] Built target dc_encoder_service_s__rosidl_typesupport_c
[6.684s] [100%] [32m[1mLinking CXX executable dc_encoder_server[0m
[6.807s] [100%] Built target dc_encoder_server
[6.816s] Invoked command in '/root/ros2_ws/src/landcore_ros2/build/dc_encoder_service' returned '0': CMAKE_PREFIX_PATH=${CMAKE_PREFIX_PATH}:/opt/ros/jazzy /usr/bin/cmake --build /root/ros2_ws/src/landcore_ros2/build/dc_encoder_service -- -j12 -l12
[6.817s] Invoking command in '/root/ros2_ws/src/landcore_ros2/build/dc_encoder_service': CMAKE_PREFIX_PATH=${CMAKE_PREFIX_PATH}:/opt/ros/jazzy /usr/bin/cmake --install /root/ros2_ws/src/landcore_ros2/build/dc_encoder_service
[6.825s] -- Install configuration: ""
[6.825s] -- Installing: /root/ros2_ws/src/landcore_ros2/install/dc_encoder_service/share/ament_index/resource_index/rosidl_interfaces/dc_encoder_service
[6.825s] -- Installing: /root/ros2_ws/src/landcore_ros2/install/dc_encoder_service/share/dc_encoder_service/srv/MotorPI.json
[6.825s] -- Installing: /root/ros2_ws/src/landcore_ros2/install/dc_encoder_service/include/dc_encoder_service/dc_encoder_service
[6.825s] -- Installing: /root/ros2_ws/src/landcore_ros2/install/dc_encoder_service/include/dc_encoder_service/dc_encoder_service/msg
[6.826s] -- Installing: /root/ros2_ws/src/landcore_ros2/install/dc_encoder_service/include/dc_encoder_service/dc_encoder_service/msg/rosidl_generator_c__visibility_control.h
[6.826s] -- Installing: /root/ros2_ws/src/landcore_ros2/install/dc_encoder_service/include/dc_encoder_service/dc_encoder_service/srv
[6.826s] -- Installing: /root/ros2_ws/src/landcore_ros2/install/dc_encoder_service/include/dc_encoder_service/dc_encoder_service/srv/detail
[6.826s] -- Installing: /root/ros2_ws/src/landcore_ros2/install/dc_encoder_service/include/dc_encoder_service/dc_encoder_service/srv/detail/motor_pi__functions.h
[6.826s] -- Installing: /root/ros2_ws/src/landcore_ros2/install/dc_encoder_service/include/dc_encoder_service/dc_encoder_service/srv/detail/motor_pi__struct.h
[6.826s] -- Installing: /root/ros2_ws/src/landcore_ros2/install/dc_encoder_service/include/dc_encoder_service/dc_encoder_service/srv/detail/motor_pi__type_support.c
[6.826s] -- Installing: /root/ros2_ws/src/landcore_ros2/install/dc_encoder_service/include/dc_encoder_service/dc_encoder_service/srv/detail/motor_pi__type_support.h
[6.826s] -- Installing: /root/ros2_ws/src/landcore_ros2/install/dc_encoder_service/include/dc_encoder_service/dc_encoder_service/srv/detail/motor_pi__description.c
[6.826s] -- Installing: /root/ros2_ws/src/landcore_ros2/install/dc_encoder_service/include/dc_encoder_service/dc_encoder_service/srv/detail/motor_pi__functions.c
[6.826s] -- Installing: /root/ros2_ws/src/landcore_ros2/install/dc_encoder_service/include/dc_encoder_service/dc_encoder_service/srv/motor_pi.h
[6.826s] -- Installing: /root/ros2_ws/src/landcore_ros2/install/dc_encoder_service/share/dc_encoder_service/environment/library_path.sh
[6.827s] -- Installing: /root/ros2_ws/src/landcore_ros2/install/dc_encoder_service/share/dc_encoder_service/environment/library_path.dsv
[6.827s] -- Installing: /root/ros2_ws/src/landcore_ros2/install/dc_encoder_service/lib/libdc_encoder_service__rosidl_generator_c.so
[6.827s] -- Set non-toolchain portion of runtime path of "/root/ros2_ws/src/landcore_ros2/install/dc_encoder_service/lib/libdc_encoder_service__rosidl_generator_c.so" to ""
[6.827s] -- Up-to-date: /root/ros2_ws/src/landcore_ros2/install/dc_encoder_service/include/dc_encoder_service/dc_encoder_service
[6.827s] -- Up-to-date: /root/ros2_ws/src/landcore_ros2/install/dc_encoder_service/include/dc_encoder_service/dc_encoder_service/msg
[6.827s] -- Installing: /root/ros2_ws/src/landcore_ros2/install/dc_encoder_service/include/dc_encoder_service/dc_encoder_service/msg/rosidl_typesupport_fastrtps_c__visibility_control.h
[6.827s] -- Up-to-date: /root/ros2_ws/src/landcore_ros2/install/dc_encoder_service/include/dc_encoder_service/dc_encoder_service/srv
[6.827s] -- Up-to-date: /root/ros2_ws/src/landcore_ros2/install/dc_encoder_service/include/dc_encoder_service/dc_encoder_service/srv/detail
[6.827s] -- Installing: /root/ros2_ws/src/landcore_ros2/install/dc_encoder_service/include/dc_encoder_service/dc_encoder_service/srv/detail/motor_pi__rosidl_typesupport_fastrtps_c.h
[6.828s] -- Installing: /root/ros2_ws/src/landcore_ros2/install/dc_encoder_service/lib/libdc_encoder_service__rosidl_typesupport_fastrtps_c.so
[6.828s] -- Set non-toolchain portion of runtime path of "/root/ros2_ws/src/landcore_ros2/install/dc_encoder_service/lib/libdc_encoder_service__rosidl_typesupport_fastrtps_c.so" to ""
[6.828s] -- Up-to-date: /root/ros2_ws/src/landcore_ros2/install/dc_encoder_service/include/dc_encoder_service/dc_encoder_service
[6.828s] -- Up-to-date: /root/ros2_ws/src/landcore_ros2/install/dc_encoder_service/include/dc_encoder_service/dc_encoder_service/msg
[6.828s] -- Installing: /root/ros2_ws/src/landcore_ros2/install/dc_encoder_service/include/dc_encoder_service/dc_encoder_service/msg/rosidl_generator_cpp__visibility_control.hpp
[6.828s] -- Up-to-date: /root/ros2_ws/src/landcore_ros2/install/dc_encoder_service/include/dc_encoder_service/dc_encoder_service/srv
[6.828s] -- Up-to-date: /root/ros2_ws/src/landcore_ros2/install/dc_encoder_service/include/dc_encoder_service/dc_encoder_service/srv/detail
[6.828s] -- Installing: /root/ros2_ws/src/landcore_ros2/install/dc_encoder_service/include/dc_encoder_service/dc_encoder_service/srv/detail/motor_pi__traits.hpp
[6.828s] -- Installing: /root/ros2_ws/src/landcore_ros2/install/dc_encoder_service/include/dc_encoder_service/dc_encoder_service/srv/detail/motor_pi__builder.hpp
[6.828s] -- Installing: /root/ros2_ws/src/landcore_ros2/install/dc_encoder_service/include/dc_encoder_service/dc_encoder_service/srv/detail/motor_pi__type_support.hpp
[6.828s] -- Installing: /root/ros2_ws/src/landcore_ros2/install/dc_encoder_service/include/dc_encoder_service/dc_encoder_service/srv/detail/motor_pi__struct.hpp
[6.829s] -- Installing: /root/ros2_ws/src/landcore_ros2/install/dc_encoder_service/include/dc_encoder_service/dc_encoder_service/srv/motor_pi.hpp
[6.829s] -- Up-to-date: /root/ros2_ws/src/landcore_ros2/install/dc_encoder_service/include/dc_encoder_service/dc_encoder_service
[6.829s] -- Up-to-date: /root/ros2_ws/src/landcore_ros2/install/dc_encoder_service/include/dc_encoder_service/dc_encoder_service/msg
[6.829s] -- Installing: /root/ros2_ws/src/landcore_ros2/install/dc_encoder_service/include/dc_encoder_service/dc_encoder_service/msg/rosidl_typesupport_fastrtps_cpp__visibility_control.h
[6.829s] -- Up-to-date: /root/ros2_ws/src/landcore_ros2/install/dc_encoder_service/include/dc_encoder_service/dc_encoder_service/srv
[6.829s] -- Up-to-date: /root/ros2_ws/src/landcore_ros2/install/dc_encoder_service/include/dc_encoder_service/dc_encoder_service/srv/detail
[6.829s] -- Installing: /root/ros2_ws/src/landcore_ros2/install/dc_encoder_service/include/dc_encoder_service/dc_encoder_service/srv/detail/motor_pi__rosidl_typesupport_fastrtps_cpp.hpp
[6.829s] -- Installing: /root/ros2_ws/src/landcore_ros2/install/dc_encoder_service/include/dc_encoder_service/dc_encoder_service/srv/detail/dds_fastrtps
[6.829s] -- Installing: /root/ros2_ws/src/landcore_ros2/install/dc_encoder_service/lib/libdc_encoder_service__rosidl_typesupport_fastrtps_cpp.so
[6.829s] -- Set non-toolchain portion of runtime path of "/root/ros2_ws/src/landcore_ros2/install/dc_encoder_service/lib/libdc_encoder_service__rosidl_typesupport_fastrtps_cpp.so" to ""
[6.829s] -- Up-to-date: /root/ros2_ws/src/landcore_ros2/install/dc_encoder_service/include/dc_encoder_service/dc_encoder_service
[6.829s] -- Up-to-date: /root/ros2_ws/src/landcore_ros2/install/dc_encoder_service/include/dc_encoder_service/dc_encoder_service/msg
[6.830s] -- Installing: /root/ros2_ws/src/landcore_ros2/install/dc_encoder_service/include/dc_encoder_service/dc_encoder_service/msg/rosidl_typesupport_introspection_c__visibility_control.h
[6.830s] -- Up-to-date: /root/ros2_ws/src/landcore_ros2/install/dc_encoder_service/include/dc_encoder_service/dc_encoder_service/srv
[6.830s] -- Up-to-date: /root/ros2_ws/src/landcore_ros2/install/dc_encoder_service/include/dc_encoder_service/dc_encoder_service/srv/detail
[6.830s] -- Up-to-date: /root/ros2_ws/src/landcore_ros2/install/dc_encoder_service/include/dc_encoder_service/dc_encoder_service/srv/detail/motor_pi__type_support.c
[6.830s] -- Installing: /root/ros2_ws/src/landcore_ros2/install/dc_encoder_service/include/dc_encoder_service/dc_encoder_service/srv/detail/motor_pi__rosidl_typesupport_introspection_c.h
[6.830s] -- Installing: /root/ros2_ws/src/landcore_ros2/install/dc_encoder_service/lib/libdc_encoder_service__rosidl_typesupport_introspection_c.so
[6.830s] -- Set non-toolchain portion of runtime path of "/root/ros2_ws/src/landcore_ros2/install/dc_encoder_service/lib/libdc_encoder_service__rosidl_typesupport_introspection_c.so" to ""
[6.830s] -- Installing: /root/ros2_ws/src/landcore_ros2/install/dc_encoder_service/lib/libdc_encoder_service__rosidl_typesupport_c.so
[6.830s] -- Set non-toolchain portion of runtime path of "/root/ros2_ws/src/landcore_ros2/install/dc_encoder_service/lib/libdc_encoder_service__rosidl_typesupport_c.so" to ""
[6.830s] -- Up-to-date: /root/ros2_ws/src/landcore_ros2/install/dc_encoder_service/include/dc_encoder_service/dc_encoder_service
[6.830s] -- Up-to-date: /root/ros2_ws/src/landcore_ros2/install/dc_encoder_service/include/dc_encoder_service/dc_encoder_service/srv
[6.830s] -- Up-to-date: /root/ros2_ws/src/landcore_ros2/install/dc_encoder_service/include/dc_encoder_service/dc_encoder_service/srv/detail
[6.831s] -- Installing: /root/ros2_ws/src/landcore_ros2/install/dc_encoder_service/include/dc_encoder_service/dc_encoder_service/srv/detail/motor_pi__rosidl_typesupport_introspection_cpp.hpp
[6.831s] -- Installing: /root/ros2_ws/src/landcore_ros2/install/dc_encoder_service/include/dc_encoder_service/dc_encoder_service/srv/detail/motor_pi__type_support.cpp
[6.831s] -- Installing: /root/ros2_ws/src/landcore_ros2/install/dc_encoder_service/lib/libdc_encoder_service__rosidl_typesupport_introspection_cpp.so
[6.831s] -- Set non-toolchain portion of runtime path of "/root/ros2_ws/src/landcore_ros2/install/dc_encoder_service/lib/libdc_encoder_service__rosidl_typesupport_introspection_cpp.so" to ""
[6.831s] -- Installing: /root/ros2_ws/src/landcore_ros2/install/dc_encoder_service/lib/libdc_encoder_service__rosidl_typesupport_cpp.so
[6.832s] -- Set non-toolchain portion of runtime path of "/root/ros2_ws/src/landcore_ros2/install/dc_encoder_service/lib/libdc_encoder_service__rosidl_typesupport_cpp.so" to ""
[6.832s] -- Installing: /root/ros2_ws/src/landcore_ros2/install/dc_encoder_service/share/dc_encoder_service/environment/pythonpath.sh
[6.832s] -- Installing: /root/ros2_ws/src/landcore_ros2/install/dc_encoder_service/share/dc_encoder_service/environment/pythonpath.dsv
[6.832s] -- Installing: /root/ros2_ws/src/landcore_ros2/install/dc_encoder_service/lib/python3.12/site-packages/dc_encoder_service-0.0.0-py3.12.egg-info
[6.832s] -- Installing: /root/ros2_ws/src/landcore_ros2/install/dc_encoder_service/lib/python3.12/site-packages/dc_encoder_service-0.0.0-py3.12.egg-info/PKG-INFO
[6.832s] -- Installing: /root/ros2_ws/src/landcore_ros2/install/dc_encoder_service/lib/python3.12/site-packages/dc_encoder_service-0.0.0-py3.12.egg-info/dependency_links.txt
[6.832s] -- Installing: /root/ros2_ws/src/landcore_ros2/install/dc_encoder_service/lib/python3.12/site-packages/dc_encoder_service-0.0.0-py3.12.egg-info/top_level.txt
[6.832s] -- Installing: /root/ros2_ws/src/landcore_ros2/install/dc_encoder_service/lib/python3.12/site-packages/dc_encoder_service-0.0.0-py3.12.egg-info/SOURCES.txt
[6.833s] -- Installing: /root/ros2_ws/src/landcore_ros2/install/dc_encoder_service/lib/python3.12/site-packages/dc_encoder_service
[6.833s] -- Installing: /root/ros2_ws/src/landcore_ros2/install/dc_encoder_service/lib/python3.12/site-packages/dc_encoder_service/_dc_encoder_service_s.ep.rosidl_typesupport_introspection_c.c
[6.833s] -- Installing: /root/ros2_ws/src/landcore_ros2/install/dc_encoder_service/lib/python3.12/site-packages/dc_encoder_service/dc_encoder_service_s__rosidl_typesupport_c.so
[6.833s] -- Installing: /root/ros2_ws/src/landcore_ros2/install/dc_encoder_service/lib/python3.12/site-packages/dc_encoder_service/_dc_encoder_service_s.ep.rosidl_typesupport_fastrtps_c.c
[6.833s] -- Installing: /root/ros2_ws/src/landcore_ros2/install/dc_encoder_service/lib/python3.12/site-packages/dc_encoder_service/dc_encoder_service_s__rosidl_typesupport_introspection_c.so
[6.833s] -- Installing: /root/ros2_ws/src/landcore_ros2/install/dc_encoder_service/lib/python3.12/site-packages/dc_encoder_service/dc_encoder_service_s__rosidl_typesupport_fastrtps_c.so
[6.834s] -- Installing: /root/ros2_ws/src/landcore_ros2/install/dc_encoder_service/lib/python3.12/site-packages/dc_encoder_service/_dc_encoder_service_s.ep.rosidl_typesupport_c.c
[6.834s] -- Installing: /root/ros2_ws/src/landcore_ros2/install/dc_encoder_service/lib/python3.12/site-packages/dc_encoder_service/__init__.py
[6.834s] -- Installing: /root/ros2_ws/src/landcore_ros2/install/dc_encoder_service/lib/python3.12/site-packages/dc_encoder_service/srv
[6.834s] -- Installing: /root/ros2_ws/src/landcore_ros2/install/dc_encoder_service/lib/python3.12/site-packages/dc_encoder_service/srv/_motor_pi_s.c
[6.834s] -- Installing: /root/ros2_ws/src/landcore_ros2/install/dc_encoder_service/lib/python3.12/site-packages/dc_encoder_service/srv/__init__.py
[6.834s] -- Installing: /root/ros2_ws/src/landcore_ros2/install/dc_encoder_service/lib/python3.12/site-packages/dc_encoder_service/srv/_motor_pi.py
[6.878s] Listing '/root/ros2_ws/src/landcore_ros2/install/dc_encoder_service/lib/python3.12/site-packages/dc_encoder_service'...
[6.878s] Compiling '/root/ros2_ws/src/landcore_ros2/install/dc_encoder_service/lib/python3.12/site-packages/dc_encoder_service/__init__.py'...
[6.878s] Listing '/root/ros2_ws/src/landcore_ros2/install/dc_encoder_service/lib/python3.12/site-packages/dc_encoder_service/srv'...
[6.879s] Compiling '/root/ros2_ws/src/landcore_ros2/install/dc_encoder_service/lib/python3.12/site-packages/dc_encoder_service/srv/__init__.py'...
[6.879s] Compiling '/root/ros2_ws/src/landcore_ros2/install/dc_encoder_service/lib/python3.12/site-packages/dc_encoder_service/srv/_motor_pi.py'...
[6.885s] -- Installing: /root/ros2_ws/src/landcore_ros2/install/dc_encoder_service/lib/python3.12/site-packages/dc_encoder_service/dc_encoder_service_s__rosidl_typesupport_fastrtps_c.so
[6.886s] -- Set non-toolchain portion of runtime path of "/root/ros2_ws/src/landcore_ros2/install/dc_encoder_service/lib/python3.12/site-packages/dc_encoder_service/dc_encoder_service_s__rosidl_typesupport_fastrtps_c.so" to ""
[6.886s] -- Installing: /root/ros2_ws/src/landcore_ros2/install/dc_encoder_service/lib/python3.12/site-packages/dc_encoder_service/dc_encoder_service_s__rosidl_typesupport_introspection_c.so
[6.887s] -- Set non-toolchain portion of runtime path of "/root/ros2_ws/src/landcore_ros2/install/dc_encoder_service/lib/python3.12/site-packages/dc_encoder_service/dc_encoder_service_s__rosidl_typesupport_introspection_c.so" to ""
[6.887s] -- Installing: /root/ros2_ws/src/landcore_ros2/install/dc_encoder_service/lib/python3.12/site-packages/dc_encoder_service/dc_encoder_service_s__rosidl_typesupport_c.so
[6.887s] -- Set non-toolchain portion of runtime path of "/root/ros2_ws/src/landcore_ros2/install/dc_encoder_service/lib/python3.12/site-packages/dc_encoder_service/dc_encoder_service_s__rosidl_typesupport_c.so" to ""
[6.887s] -- Installing: /root/ros2_ws/src/landcore_ros2/install/dc_encoder_service/lib/libdc_encoder_service__rosidl_generator_py.so
[6.888s] -- Set non-toolchain portion of runtime path of "/root/ros2_ws/src/landcore_ros2/install/dc_encoder_service/lib/libdc_encoder_service__rosidl_generator_py.so" to ""
[6.888s] -- Installing: /root/ros2_ws/src/landcore_ros2/install/dc_encoder_service/share/dc_encoder_service/srv/MotorPI.idl
[6.888s] -- Installing: /root/ros2_ws/src/landcore_ros2/install/dc_encoder_service/share/dc_encoder_service/srv/MotorPI.srv
[6.888s] -- Installing: /root/ros2_ws/src/landcore_ros2/install/dc_encoder_service/lib/dc_encoder_service/dc_encoder_server
[6.889s] -- Set non-toolchain portion of runtime path of "/root/ros2_ws/src/landcore_ros2/install/dc_encoder_service/lib/dc_encoder_service/dc_encoder_server" to ""
[6.889s] -- Installing: /root/ros2_ws/src/landcore_ros2/install/dc_encoder_service/share/ament_index/resource_index/package_run_dependencies/dc_encoder_service
[6.890s] -- Installing: /root/ros2_ws/src/landcore_ros2/install/dc_encoder_service/share/ament_index/resource_index/parent_prefix_path/dc_encoder_service
[6.890s] -- Installing: /root/ros2_ws/src/landcore_ros2/install/dc_encoder_service/share/dc_encoder_service/environment/ament_prefix_path.sh
[6.890s] -- Installing: /root/ros2_ws/src/landcore_ros2/install/dc_encoder_service/share/dc_encoder_service/environment/ament_prefix_path.dsv
[6.890s] -- Installing: /root/ros2_ws/src/landcore_ros2/install/dc_encoder_service/share/dc_encoder_service/environment/path.sh
[6.890s] -- Installing: /root/ros2_ws/src/landcore_ros2/install/dc_encoder_service/share/dc_encoder_service/environment/path.dsv
[6.891s] -- Installing: /root/ros2_ws/src/landcore_ros2/install/dc_encoder_service/share/dc_encoder_service/local_setup.bash
[6.891s] -- Installing: /root/ros2_ws/src/landcore_ros2/install/dc_encoder_service/share/dc_encoder_service/local_setup.sh
[6.891s] -- Installing: /root/ros2_ws/src/landcore_ros2/install/dc_encoder_service/share/dc_encoder_service/local_setup.zsh
[6.891s] -- Installing: /root/ros2_ws/src/landcore_ros2/install/dc_encoder_service/share/dc_encoder_service/local_setup.dsv
[6.891s] -- Installing: /root/ros2_ws/src/landcore_ros2/install/dc_encoder_service/share/dc_encoder_service/package.dsv
[6.892s] -- Installing: /root/ros2_ws/src/landcore_ros2/install/dc_encoder_service/share/ament_index/resource_index/packages/dc_encoder_service
[6.892s] -- Installing: /root/ros2_ws/src/landcore_ros2/install/dc_encoder_service/share/dc_encoder_service/cmake/export_dc_encoder_service__rosidl_generator_cExport.cmake
[6.892s] -- Installing: /root/ros2_ws/src/landcore_ros2/install/dc_encoder_service/share/dc_encoder_service/cmake/export_dc_encoder_service__rosidl_generator_cExport-noconfig.cmake
[6.892s] -- Installing: /root/ros2_ws/src/landcore_ros2/install/dc_encoder_service/share/dc_encoder_service/cmake/export_dc_encoder_service__rosidl_typesupport_fastrtps_cExport.cmake
[6.892s] -- Installing: /root/ros2_ws/src/landcore_ros2/install/dc_encoder_service/share/dc_encoder_service/cmake/export_dc_encoder_service__rosidl_typesupport_fastrtps_cExport-noconfig.cmake
[6.893s] -- Installing: /root/ros2_ws/src/landcore_ros2/install/dc_encoder_service/share/dc_encoder_service/cmake/export_dc_encoder_service__rosidl_generator_cppExport.cmake
[6.893s] -- Installing: /root/ros2_ws/src/landcore_ros2/install/dc_encoder_service/share/dc_encoder_service/cmake/export_dc_encoder_service__rosidl_typesupport_fastrtps_cppExport.cmake
[6.893s] -- Installing: /root/ros2_ws/src/landcore_ros2/install/dc_encoder_service/share/dc_encoder_service/cmake/export_dc_encoder_service__rosidl_typesupport_fastrtps_cppExport-noconfig.cmake
[6.893s] -- Installing: /root/ros2_ws/src/landcore_ros2/install/dc_encoder_service/share/dc_encoder_service/cmake/dc_encoder_service__rosidl_typesupport_introspection_cExport.cmake
[6.893s] -- Installing: /root/ros2_ws/src/landcore_ros2/install/dc_encoder_service/share/dc_encoder_service/cmake/dc_encoder_service__rosidl_typesupport_introspection_cExport-noconfig.cmake
[6.894s] -- Installing: /root/ros2_ws/src/landcore_ros2/install/dc_encoder_service/share/dc_encoder_service/cmake/dc_encoder_service__rosidl_typesupport_cExport.cmake
[6.894s] -- Installing: /root/ros2_ws/src/landcore_ros2/install/dc_encoder_service/share/dc_encoder_service/cmake/dc_encoder_service__rosidl_typesupport_cExport-noconfig.cmake
[6.894s] -- Installing: /root/ros2_ws/src/landcore_ros2/install/dc_encoder_service/share/dc_encoder_service/cmake/dc_encoder_service__rosidl_typesupport_introspection_cppExport.cmake
[6.894s] -- Installing: /root/ros2_ws/src/landcore_ros2/install/dc_encoder_service/share/dc_encoder_service/cmake/dc_encoder_service__rosidl_typesupport_introspection_cppExport-noconfig.cmake
[6.894s] -- Installing: /root/ros2_ws/src/landcore_ros2/install/dc_encoder_service/share/dc_encoder_service/cmake/dc_encoder_service__rosidl_typesupport_cppExport.cmake
[6.895s] -- Installing: /root/ros2_ws/src/landcore_ros2/install/dc_encoder_service/share/dc_encoder_service/cmake/dc_encoder_service__rosidl_typesupport_cppExport-noconfig.cmake
[6.895s] -- Installing: /root/ros2_ws/src/landcore_ros2/install/dc_encoder_service/share/dc_encoder_service/cmake/export_dc_encoder_service__rosidl_generator_pyExport.cmake
[6.895s] -- Installing: /root/ros2_ws/src/landcore_ros2/install/dc_encoder_service/share/dc_encoder_service/cmake/export_dc_encoder_service__rosidl_generator_pyExport-noconfig.cmake
[6.895s] -- Installing: /root/ros2_ws/src/landcore_ros2/install/dc_encoder_service/share/dc_encoder_service/cmake/rosidl_cmake-extras.cmake
[6.895s] -- Installing: /root/ros2_ws/src/landcore_ros2/install/dc_encoder_service/share/dc_encoder_service/cmake/ament_cmake_export_dependencies-extras.cmake
[6.896s] -- Installing: /root/ros2_ws/src/landcore_ros2/install/dc_encoder_service/share/dc_encoder_service/cmake/ament_cmake_export_include_directories-extras.cmake
[6.896s] -- Installing: /root/ros2_ws/src/landcore_ros2/install/dc_encoder_service/share/dc_encoder_service/cmake/ament_cmake_export_libraries-extras.cmake
[6.896s] -- Installing: /root/ros2_ws/src/landcore_ros2/install/dc_encoder_service/share/dc_encoder_service/cmake/ament_cmake_export_targets-extras.cmake
[6.896s] -- Installing: /root/ros2_ws/src/landcore_ros2/install/dc_encoder_service/share/dc_encoder_service/cmake/rosidl_cmake_export_typesupport_targets-extras.cmake
[6.896s] -- Installing: /root/ros2_ws/src/landcore_ros2/install/dc_encoder_service/share/dc_encoder_service/cmake/rosidl_cmake_export_typesupport_libraries-extras.cmake
[6.897s] -- Installing: /root/ros2_ws/src/landcore_ros2/install/dc_encoder_service/share/dc_encoder_service/cmake/dc_encoder_serviceConfig.cmake
[6.897s] -- Installing: /root/ros2_ws/src/landcore_ros2/install/dc_encoder_service/share/dc_encoder_service/cmake/dc_encoder_serviceConfig-version.cmake
[6.898s] -- Installing: /root/ros2_ws/src/landcore_ros2/install/dc_encoder_service/share/dc_encoder_service/package.xml
[6.899s] Invoked command in '/root/ros2_ws/src/landcore_ros2/build/dc_encoder_service' returned '0': CMAKE_PREFIX_PATH=${CMAKE_PREFIX_PATH}:/opt/ros/jazzy /usr/bin/cmake --install /root/ros2_ws/src/landcore_ros2/build/dc_encoder_service
